[2018-03-07 15:55:33 +0100] STARTING - CONNECTED TO USS-DISCOVERY EVENT LOG
[2018-03-07 15:55:37 +0100] INFO - Ambassador Sarek has accessed Dinner Room
[2018-03-07 15:55:41 +0100] DANGER - Ennemy ship (Klingon) detected!
[2018-03-07 15:55:41 +0100] WARNING - Front shield state: 80%
[2018-03-07 15:55:42 +0100] INFO - Chief Engineer Stamets has accessed Bridge
[2018-03-07 15:55:42 +0100] DANGER - Klingon ship engaged.
[2018-03-07 15:55:42 +0100] INFO - Automatic shield startup.
[2018-03-07 15:55:42 +0100] WARNING - Front shield state: 60%
[2018-03-07 15:56:21 +0100] STARTING - CONNECTED TO USS-DISCOVERY EVENT LOG
[2018-03-07 15:56:22 +0100] INFO - Admiral Cornwell has accessed Bridge
[2018-03-07 15:56:25 +0100] INFO - Chief Engineer Stamets has accessed Personnal Quarter
[2018-03-07 15:56:26 +0100] INFO - Chief Engineer Stamets has accessed Dinner Room
[2018-03-07 15:56:28 +0100] DANGER - Ennemy ship (Romulan) detected!
[2018-03-07 15:56:28 +0100] WARNING - Front shield state: 80%
[2018-03-07 15:56:29 +0100] DANGER - Romulan ship engaged.
[2018-03-07 15:56:29 +0100] INFO - Automatic shield startup.
[2018-03-07 15:56:29 +0100] WARNING - Front shield state: 60%
[2018-03-07 15:56:30 +0100] WARNING - Front shield state: 40%
[2018-03-07 15:56:30 +0100] INFO - Cadet Tilly has accessed Bridge
[2018-03-07 15:56:31 +0100] WARNING - Deflector Shield System is disfunctionnal, sending repair drones.
[2018-03-07 15:56:31 +0100] WARNING - Front shield state: 20%
[2018-03-07 15:56:32 +0100] RECOVERY - Romulan ship destroyed.
[2018-03-07 15:56:32 +0100] INFO - Starting deflector shield's energy reload...
[2018-03-07 15:56:32 +0100] INFO - Chief Engineer Stamets has accessed Bridge
[2018-03-07 15:56:33 +0100] INFO - Front shield at 40%
[2018-03-07 15:56:34 +0100] RECOVERY - Deflector Shield System anomaly repaired.
[2018-03-07 15:56:34 +0100] INFO - Front shield at 60%
[2018-03-07 15:56:34 +0100] INFO - Science Officer Saru has accessed Technical Office
[2018-03-07 16:25:34 +0100] STARTING - CONNECTED TO USS-DISCOVERY EVENT LOG
[2018-03-07 16:25:38 +0100] INFO - Science Officer Saru has accessed Technical Office
[2018-03-07 16:42:50 +0100] STARTING - CONNECTED TO USS-DISCOVERY EVENT LOG
[2018-03-07 16:42:53 +0100] INFO - Science Officer Saru has accessed Gym Room
[2018-03-07 16:42:55 +0100] INFO - Science Officer Saru has accessed Laboratory
[2018-03-07 16:42:59 +0100] INFO - Chief Engineer Stamets has accessed Nursery
[2018-03-07 16:46:06 +0100] STARTING - CONNECTED TO USS-DISCOVERY EVENT LOG
[2018-03-07 16:46:11 +0100] INFO - Captain Lorca has accessed Nursery
[2018-03-07 16:46:13 +0100] WARNING - Energy Storage system is disfunctionnal, sending repair drones.
[2018-03-07 16:46:13 +0100] INFO - Science Officer Saru has accessed Gym Room
[2018-03-07 16:46:14 +0100] INFO - Chief Engineer Stamets has accessed Technical Office
[2018-03-07 16:46:16 +0100] INFO - Chief Engineer Stamets has accessed Dinner Room
[2018-03-07 16:46:17 +0100] INFO - Ambassador Sarek has accessed Technical Office
[2018-03-07 16:46:18 +0100] RECOVERY - Energy Storage system anomaly repaired.
[2018-03-07 16:46:19 +0100] INFO - Chief Engineer Stamets has accessed Technical Office
[2018-03-07 16:46:21 +0100] DANGER - Ennemy ship (Pirate) detected!
[2018-03-07 16:46:21 +0100] WARNING - Front shield state: 80%
[2018-03-07 16:46:21 +0100] INFO - Admiral Cornwell has accessed Bridge
[2018-03-07 16:46:22 +0100] DANGER - Pirate ship engaged.
[2018-03-07 16:46:22 +0100] INFO - Automatic shield startup.
[2018-03-07 16:46:22 +0100] WARNING - Front shield state: 60%
[2018-03-07 16:46:23 +0100] INFO - Science Officer Saru has accessed Bridge
[2018-03-07 16:46:24 +0100] INFO - First Officer Burnham has accessed Technical Office
[2018-03-07 16:46:25 +0100] RECOVERY - Pirate ship destroyed.
[2018-03-07 16:46:25 +0100] WARNING - Laser System is disfunctionnal, sending repair drones.
[2018-03-07 16:46:25 +0100] INFO - Starting deflector shield's energy reload...
[2018-03-07 16:46:25 +0100] INFO - Chief Engineer Stamets has accessed Technical Office
[2018-03-07 16:46:26 +0100] INFO - Front shield at 80%
[2018-03-07 16:46:26 +0100] INFO - Captain Lorca has accessed Gym Room
[2018-03-07 16:46:27 +0100] INFO - Front shield at 100%
[2018-03-07 16:46:27 +0100] INFO - Admiral Cornwell has accessed Laboratory
[2018-03-07 16:46:28 +0100] RECOVERY - Shields recovering over
[2018-03-07 16:46:28 +0100] INFO - Cadet Tilly has accessed Technical Office
[2018-03-07 16:46:29 +0100] RECOVERY - Laser System anomaly repaired.
[2018-03-07 16:46:29 +0100] INFO - Admiral Cornwell has accessed Bridge
[2018-03-07 16:46:29 +0100] INFO - Ambassador Sarek has accessed Technical Office
[2018-03-07 16:46:29 +0100] INFO - Captain Lorca has accessed Gym Room
[2018-03-07 16:46:30 +0100] INFO - First Officer Burnham has accessed Personnal Quarter
[2018-03-07 16:46:30 +0100] INFO - Captain Lorca has accessed Laboratory
[2018-03-07 16:46:30 +0100] INFO - Chief Engineer Stamets has accessed Technical Office
[2018-03-07 16:46:31 +0100] INFO - First Officer Burnham has accessed Dinner Room
[2018-03-07 16:46:32 +0100] INFO - Admiral Cornwell has accessed Technical Office
[2018-03-07 16:46:32 +0100] INFO - Chief Engineer Stamets has accessed Personnal Quarter
[2018-03-07 16:46:32 +0100] INFO - First Officer Burnham has accessed Nursery
[2018-03-07 16:46:33 +0100] WARNING - Spore Drive System is disfunctionnal, sending repair drones.
[2018-03-07 16:46:34 +0100] INFO - Ambassador Sarek has accessed Laboratory
[2018-03-07 16:46:34 +0100] INFO - Admiral Cornwell has accessed Technical Office
[2018-03-07 16:46:35 +0100] WARNING - Energy Storage system is disfunctionnal, sending repair drones.
[2018-03-07 16:46:35 +0100] INFO - Captain Lorca has accessed Technical Office
[2018-03-07 16:46:36 +0100] BLACK - Preparing Hyper Jump
[2018-03-07 16:46:36 +0100] DANGER - Ennemy ship (Romulan) detected!
[2018-03-07 16:46:36 +0100] WARNING - Front shield state: 80%
[2018-03-07 16:46:36 +0100] INFO - Admiral Cornwell has accessed Gym Room
[2018-03-07 16:46:37 +0100] BLACK - Jumping over
[2018-03-07 16:46:37 +0100] DANGER - Romulan ship engaged.
[2018-03-07 16:46:37 +0100] INFO - Automatic shield startup.
[2018-03-07 16:46:37 +0100] WARNING - Front shield state: 60%
[2018-03-07 16:46:37 +0100] INFO - Ambassador Sarek has accessed Nursery
[2018-03-07 16:46:37 +0100] INFO - Admiral Cornwell has accessed Dinner Room
[2018-03-07 16:46:38 +0100] RECOVERY - Spore Drive System anomaly repaired.
[2018-03-07 16:46:38 +0100] INFO - Starting deflector shield's energy reload...
[2018-03-07 16:46:38 +0100] INFO - First Officer Burnham has accessed Technical Office
[2018-03-07 16:46:38 +0100] INFO - Cadet Tilly has accessed Laboratory
[2018-03-07 16:46:39 +0100] INFO - Front shield at 80%
[2018-03-07 16:46:39 +0100] INFO - Ambassador Sarek has accessed Bridge
[2018-03-07 16:46:39 +0100] INFO - Chief Engineer Stamets has accessed Laboratory
[2018-03-07 16:46:40 +0100] INFO - Front shield at 100%
[2018-03-07 16:46:40 +0100] RECOVERY - Romulan ship destroyed.
[2018-03-07 16:46:40 +0100] INFO - Captain Lorca has accessed Bridge
[2018-03-07 16:46:40 +0100] WARNING - Deflector Shield System is disfunctionnal, sending repair drones.
[2018-03-07 16:46:40 +0100] RECOVERY - Energy Storage system anomaly repaired.
[2018-03-07 16:46:40 +0100] INFO - Captain Lorca has accessed Nursery
[2018-03-07 16:46:40 +0100] INFO - Cadet Tilly has accessed Dinner Room
[2018-03-07 16:46:41 +0100] RECOVERY - Shields recovering over
[2018-03-07 16:46:41 +0100] INFO - Chief Engineer Stamets has accessed Laboratory
[2018-03-07 16:46:41 +0100] INFO - Ambassador Sarek has accessed Nursery
[2018-03-07 16:46:42 +0100] INFO - Ambassador Sarek has accessed Laboratory
[2018-03-07 16:46:42 +0100] INFO - Chief Engineer Stamets has accessed Laboratory
[2018-03-07 16:46:43 +0100] INFO - Admiral Cornwell has accessed Technical Office
[2018-03-07 16:46:43 +0100] INFO - Science Officer Saru has accessed Technical Office
[2018-03-07 16:46:43 +0100] INFO - Science Officer Saru has accessed Nursery
[2018-03-07 16:46:43 +0100] INFO - Chief Engineer Stamets has accessed Gym Room
[2018-03-07 16:46:43 +0100] INFO - First Officer Burnham has accessed Technical Office
[2018-03-07 16:46:43 +0100] INFO - Cadet Tilly has accessed Bridge
[2018-03-07 16:46:44 +0100] RECOVERY - Deflector Shield System anomaly repaired.
[2018-03-07 16:46:44 +0100] WARNING - Spore Drive System is disfunctionnal, sending repair drones.
[2018-03-07 16:46:44 +0100] INFO - Cadet Tilly has accessed Personnal Quarter
[2018-03-07 16:46:45 +0100] INFO - Chief Engineer Stamets has accessed Bridge
[2018-03-07 16:46:45 +0100] WARNING - Laser System is disfunctionnal, sending repair drones.
[2018-03-07 16:46:45 +0100] INFO - Admiral Cornwell has accessed Gym Room
[2018-03-07 16:46:45 +0100] INFO - Ambassador Sarek has accessed Laboratory
[2018-03-07 16:46:45 +0100] INFO - Ambassador Sarek has accessed Nursery
[2018-03-07 16:46:46 +0100] WARNING - Deflector Shield System is disfunctionnal, sending repair drones.
[2018-03-07 16:46:46 +0100] INFO - First Officer Burnham has accessed Bridge
[2018-03-07 16:46:47 +0100] WARNING - Energy Storage system is disfunctionnal, sending repair drones.
[2018-03-07 16:46:47 +0100] INFO - Science Officer Saru has accessed Gym Room
[2018-03-07 16:46:47 +0100] INFO - Chief Engineer Stamets has accessed Gym Room
[2018-03-07 16:46:47 +0100] INFO - Science Officer Saru has accessed Gym Room
[2018-03-07 16:46:48 +0100] DANGER - Ennemy ship (Klingon) detected!
[2018-03-07 16:46:48 +0100] INFO - Chief Engineer Stamets has accessed Gym Room
[2018-03-07 16:46:48 +0100] WARNING - Front shield state: 80%
[2018-03-07 16:46:48 +0100] RECOVERY - Spore Drive System anomaly repaired.
[2018-03-07 16:46:48 +0100] RECOVERY - Laser System anomaly repaired.
[2018-03-07 16:46:48 +0100] INFO - Starting deflector shield's energy reload...
[2018-03-07 16:46:48 +0100] INFO - Science Officer Saru has accessed Nursery
[2018-03-07 16:46:48 +0100] INFO - Admiral Cornwell has accessed Gym Room
[2018-03-07 16:46:48 +0100] INFO - First Officer Burnham has accessed Nursery
[2018-03-07 16:46:48 +0100] INFO - Admiral Cornwell has accessed Laboratory
[2018-03-07 16:46:49 +0100] RECOVERY - Energy Storage system anomaly repaired.
[2018-03-07 16:46:49 +0100] WARNING - Spore Drive System is disfunctionnal, sending repair drones.
[2018-03-07 16:46:49 +0100] DANGER - Klingon ship engaged.
[2018-03-07 16:46:49 +0100] INFO - Automatic shield startup.
[2018-03-07 16:46:49 +0100] WARNING - Front shield state: 60%
[2018-03-07 16:46:49 +0100] INFO - Front shield at 60%
[2018-03-07 16:46:49 +0100] INFO - Admiral Cornwell has accessed Bridge
[2018-03-07 16:46:49 +0100] INFO - Admiral Cornwell has accessed Bridge
[2018-03-07 16:46:50 +0100] WARNING - Front shield state: 40%
[2018-03-07 16:46:50 +0100] RECOVERY - Deflector Shield System anomaly repaired.
[2018-03-07 16:46:50 +0100] INFO - Admiral Cornwell has accessed Laboratory
[2018-03-07 16:46:50 +0100] INFO - Admiral Cornwell has accessed Dinner Room
[2018-03-07 16:46:50 +0100] INFO - Front shield at 80%
[2018-03-07 16:46:50 +0100] INFO - Ambassador Sarek has accessed Nursery
[2018-03-07 16:46:51 +0100] INFO - Cadet Tilly has accessed Gym Room
[2018-03-07 16:46:51 +0100] INFO - Front shield at 100%
[2018-03-07 16:46:51 +0100] INFO - Ambassador Sarek has accessed Personnal Quarter
[2018-03-07 16:46:51 +0100] INFO - Science Officer Saru has accessed Technical Office
[2018-03-07 16:46:51 +0100] INFO - Ambassador Sarek has accessed Personnal Quarter
[2018-03-07 16:46:51 +0100] INFO - Captain Lorca has accessed Gym Room
[2018-03-07 16:46:52 +0100] RECOVERY - Spore Drive System anomaly repaired.
[2018-03-07 16:46:52 +0100] RECOVERY - Klingon ship destroyed.
[2018-03-07 16:46:52 +0100] INFO - Ambassador Sarek has accessed Personnal Quarter
[2018-03-07 16:46:52 +0100] RECOVERY - Shields recovering over
[2018-03-07 16:46:52 +0100] INFO - Chief Engineer Stamets has accessed Technical Office
[2018-03-07 16:46:52 +0100] INFO - Captain Lorca has accessed Personnal Quarter
[2018-03-07 16:46:52 +0100] INFO - Cadet Tilly has accessed Personnal Quarter
[2018-03-07 16:46:52 +0100] INFO - First Officer Burnham has accessed Personnal Quarter
[2018-03-07 16:46:52 +0100] INFO - First Officer Burnham has accessed Personnal Quarter
[2018-03-07 16:46:53 +0100] INFO - Ambassador Sarek has accessed Nursery
[2018-03-07 16:46:53 +0100] INFO - Admiral Cornwell has accessed Gym Room
[2018-03-07 16:46:53 +0100] INFO - Science Officer Saru has accessed Nursery
[2018-03-07 16:46:53 +0100] INFO - Science Officer Saru has accessed Gym Room
[2018-03-07 16:46:53 +0100] INFO - Science Officer Saru has accessed Laboratory
[2018-03-07 16:46:54 +0100] WARNING - Deflector Shield System is disfunctionnal, sending repair drones.
[2018-03-07 16:46:54 +0100] INFO - Admiral Cornwell has accessed Personnal Quarter
[2018-03-07 16:46:54 +0100] INFO - Ambassador Sarek has accessed Nursery
[2018-03-07 16:46:54 +0100] INFO - Captain Lorca has accessed Dinner Room
[2018-03-07 16:46:54 +0100] INFO - Science Officer Saru has accessed Bridge
[2018-03-07 16:46:55 +0100] WARNING - Deflector Shield System is disfunctionnal, sending repair drones.
[2018-03-07 16:46:55 +0100] WARNING - Deflector Shield System is disfunctionnal, sending repair drones.
[2018-03-07 16:46:55 +0100] INFO - Captain Lorca has accessed Dinner Room
[2018-03-07 16:46:55 +0100] INFO - Admiral Cornwell has accessed Dinner Room
[2018-03-07 16:46:55 +0100] INFO - Science Officer Saru has accessed Nursery
[2018-03-07 16:46:55 +0100] INFO - Captain Lorca has accessed Dinner Room
[2018-03-07 16:46:55 +0100] INFO - Cadet Tilly has accessed Technical Office
[2018-03-07 16:46:55 +0100] INFO - Admiral Cornwell has accessed Dinner Room
[2018-03-07 16:46:56 +0100] WARNING - Spore Drive System is disfunctionnal, sending repair drones.
[2018-03-07 16:46:56 +0100] RECOVERY - Deflector Shield System anomaly repaired.
[2018-03-07 16:46:56 +0100] INFO - Cadet Tilly has accessed Technical Office
[2018-03-07 16:46:56 +0100] INFO - Ambassador Sarek has accessed Nursery
[2018-03-07 16:46:57 +0100] RECOVERY - Deflector Shield System anomaly repaired.
[2018-03-07 16:46:57 +0100] RECOVERY - Deflector Shield System anomaly repaired.
[2018-03-07 16:46:57 +0100] INFO - Captain Lorca has accessed Laboratory
[2018-03-07 16:46:57 +0100] DANGER - Ennemy ship (Romulan) detected!
[2018-03-07 16:46:57 +0100] WARNING - Front shield state: 80%
[2018-03-07 16:46:57 +0100] INFO - Science Officer Saru has accessed Bridge
[2018-03-07 16:46:57 +0100] INFO - Ambassador Sarek has accessed Personnal Quarter
[2018-03-07 16:46:58 +0100] INFO - Captain Lorca has accessed Personnal Quarter
[2018-03-07 16:46:58 +0100] INFO - Captain Lorca has accessed Gym Room
[2018-03-07 16:46:58 +0100] DANGER - Romulan ship engaged.
[2018-03-07 16:46:58 +0100] INFO - Automatic shield startup.
[2018-03-07 16:46:58 +0100] WARNING - Front shield state: 60%
[2018-03-07 16:46:58 +0100] INFO - First Officer Burnham has accessed Gym Room
[2018-03-07 16:46:58 +0100] INFO - Chief Engineer Stamets has accessed Nursery
[2018-03-07 16:46:58 +0100] INFO - Cadet Tilly has accessed Gym Room
[2018-03-07 16:46:59 +0100] RECOVERY - Spore Drive System anomaly repaired.
[2018-03-07 16:46:59 +0100] INFO - Starting deflector shield's energy reload...
[2018-03-07 16:46:59 +0100] WARNING - Laser System is disfunctionnal, sending repair drones.
[2018-03-07 16:46:59 +0100] INFO - Ambassador Sarek has accessed Gym Room
[2018-03-07 16:46:59 +0100] INFO - Admiral Cornwell has accessed Bridge
[2018-03-07 16:46:59 +0100] INFO - Chief Engineer Stamets has accessed Nursery
[2018-03-07 16:47:00 +0100] INFO - Front shield at 80%
[2018-03-07 16:47:00 +0100] WARNING - Spore Drive System is disfunctionnal, sending repair drones.
[2018-03-07 16:47:00 +0100] WARNING - Energy Storage system is disfunctionnal, sending repair drones.
[2018-03-07 16:47:00 +0100] INFO - First Officer Burnham has accessed Dinner Room
[2018-03-07 16:47:00 +0100] INFO - Ambassador Sarek has accessed Dinner Room
[2018-03-07 16:47:00 +0100] INFO - Ambassador Sarek has accessed Bridge
[2018-03-07 16:47:00 +0100] INFO - First Officer Burnham has accessed Technical Office
[2018-03-07 16:47:00 +0100] INFO - First Officer Burnham has accessed Laboratory
[2018-03-07 16:47:00 +0100] INFO - Science Officer Saru has accessed Gym Room
[2018-03-07 16:47:00 +0100] INFO - Admiral Cornwell has accessed Dinner Room
[2018-03-07 16:47:01 +0100] INFO - Front shield at 100%
[2018-03-07 16:47:01 +0100] INFO - Captain Lorca has accessed Nursery
[2018-03-07 16:47:01 +0100] RECOVERY - Romulan ship destroyed.
[2018-03-07 16:47:01 +0100] INFO - Chief Engineer Stamets has accessed Personnal Quarter
[2018-03-07 16:47:01 +0100] INFO - Cadet Tilly has accessed Dinner Room
[2018-03-07 16:47:01 +0100] INFO - Cadet Tilly has accessed Gym Room
[2018-03-07 16:47:01 +0100] INFO - First Officer Burnham has accessed Personnal Quarter
[2018-03-07 16:47:01 +0100] INFO - Science Officer Saru has accessed Personnal Quarter
[2018-03-07 16:47:01 +0100] INFO - Chief Engineer Stamets has accessed Gym Room
[2018-03-07 16:47:01 +0100] INFO - Chief Engineer Stamets has accessed Personnal Quarter
[2018-03-07 16:47:01 +0100] INFO - Captain Lorca has accessed Laboratory
[2018-03-07 16:47:02 +0100] WARNING - Spore Drive System is disfunctionnal, sending repair drones.
[2018-03-07 16:47:02 +0100] RECOVERY - Shields recovering over
[2018-03-07 16:47:02 +0100] WARNING - Laser System is disfunctionnal, sending repair drones.
[2018-03-07 16:47:02 +0100] INFO - First Officer Burnham has accessed Laboratory
[2018-03-07 16:47:02 +0100] INFO - Admiral Cornwell has accessed Nursery
[2018-03-07 16:47:02 +0100] INFO - Captain Lorca has accessed Personnal Quarter
[2018-03-07 16:47:02 +0100] INFO - Ambassador Sarek has accessed Personnal Quarter
[2018-03-07 16:47:02 +0100] INFO - Ambassador Sarek has accessed Bridge
[2018-03-07 16:47:02 +0100] INFO - Admiral Cornwell has accessed Personnal Quarter
[2018-03-07 16:47:02 +0100] INFO - First Officer Burnham has accessed Nursery
[2018-03-07 16:47:02 +0100] INFO - Admiral Cornwell has accessed Nursery
[2018-03-07 16:47:03 +0100] INFO - Admiral Cornwell has accessed Bridge
[2018-03-07 16:47:04 +0100] RECOVERY - Spore Drive System anomaly repaired.
[2018-03-07 16:47:04 +0100] WARNING - Spore Drive System is disfunctionnal, sending repair drones.
[2018-03-07 16:47:04 +0100] RECOVERY - Laser System anomaly repaired.
[2018-03-07 16:47:04 +0100] INFO - Captain Lorca has accessed Personnal Quarter
[2018-03-07 16:47:04 +0100] RECOVERY - Spore Drive System anomaly repaired.
[2018-03-07 16:47:04 +0100] RECOVERY - Energy Storage system anomaly repaired.
[2018-03-07 16:47:04 +0100] INFO - First Officer Burnham has accessed Personnal Quarter
[2018-03-07 16:47:04 +0100] INFO - Ambassador Sarek has accessed Personnal Quarter
[2018-03-07 16:47:04 +0100] INFO - Science Officer Saru has accessed Dinner Room
[2018-03-07 16:47:04 +0100] INFO - Ambassador Sarek has accessed Nursery
[2018-03-07 16:47:04 +0100] INFO - Cadet Tilly has accessed Bridge
[2018-03-07 16:47:05 +0100] INFO - First Officer Burnham has accessed Technical Office
[2018-03-07 16:47:05 +0100] INFO - Science Officer Saru has accessed Personnal Quarter
[2018-03-07 16:47:05 +0100] INFO - Captain Lorca has accessed Nursery
[2018-03-07 16:47:05 +0100] INFO - Cadet Tilly has accessed Personnal Quarter
[2018-03-07 16:47:06 +0100] RECOVERY - Laser System anomaly repaired.
[2018-03-07 16:47:06 +0100] INFO - Science Officer Saru has accessed Technical Office
[2018-03-07 16:47:06 +0100] INFO - Science Officer Saru has accessed Gym Room
[2018-03-07 16:47:06 +0100] INFO - Admiral Cornwell has accessed Personnal Quarter
[2018-03-07 16:47:06 +0100] INFO - Science Officer Saru has accessed Dinner Room
[2018-03-07 16:47:07 +0100] WARNING - Energy Storage system is disfunctionnal, sending repair drones.
[2018-03-07 16:47:07 +0100] WARNING - Spore Drive System is disfunctionnal, sending repair drones.
[2018-03-07 16:47:07 +0100] INFO - Ambassador Sarek has accessed Gym Room
[2018-03-07 16:47:07 +0100] WARNING - Laser System is disfunctionnal, sending repair drones.
[2018-03-07 16:47:07 +0100] INFO - Admiral Cornwell has accessed Personnal Quarter
[2018-03-07 16:47:07 +0100] INFO - Science Officer Saru has accessed Bridge
[2018-03-07 16:47:07 +0100] DANGER - Ennemy ship (Pirate) detected!
[2018-03-07 16:47:07 +0100] INFO - First Officer Burnham has accessed Gym Room
[2018-03-07 16:47:07 +0100] WARNING - Front shield state: 80%
[2018-03-07 16:47:07 +0100] INFO - Cadet Tilly has accessed Gym Room
[2018-03-07 16:47:07 +0100] INFO - Captain Lorca has accessed Bridge
[2018-03-07 16:47:07 +0100] INFO - Captain Lorca has accessed Bridge
[2018-03-07 16:47:07 +0100] INFO - Ambassador Sarek has accessed Dinner Room
[2018-03-07 16:47:07 +0100] INFO - First Officer Burnham has accessed Dinner Room
[2018-03-07 16:47:07 +0100] INFO - Ambassador Sarek has accessed Technical Office
[2018-03-07 16:47:08 +0100] INFO - Chief Engineer Stamets has accessed Dinner Room
[2018-03-07 16:47:08 +0100] INFO - First Officer Burnham has accessed Personnal Quarter
[2018-03-07 16:47:08 +0100] DANGER - Pirate ship engaged.
[2018-03-07 16:47:08 +0100] INFO - Automatic shield startup.
[2018-03-07 16:47:08 +0100] INFO - Captain Lorca has accessed Technical Office
[2018-03-07 16:47:08 +0100] INFO - First Officer Burnham has accessed Personnal Quarter
[2018-03-07 16:47:08 +0100] INFO - Ambassador Sarek has accessed Technical Office
[2018-03-07 16:47:08 +0100] INFO - Ambassador Sarek has accessed Nursery
[2018-03-07 16:47:08 +0100] INFO - Science Officer Saru has accessed Gym Room
[2018-03-07 16:47:08 +0100] INFO - Chief Engineer Stamets has accessed Laboratory
[2018-03-07 16:47:09 +0100] BLACK - Preparing Hyper Jump
[2018-03-07 16:47:09 +0100] RECOVERY - Spore Drive System anomaly repaired.
[2018-03-07 16:47:09 +0100] INFO - Starting deflector shield's energy reload...
[2018-03-07 16:47:09 +0100] INFO - Science Officer Saru has accessed Dinner Room
[2018-03-07 16:47:09 +0100] INFO - Cadet Tilly has accessed Dinner Room
[2018-03-07 16:47:09 +0100] INFO - Chief Engineer Stamets has accessed Bridge
[2018-03-07 16:47:09 +0100] INFO - First Officer Burnham has accessed Technical Office
[2018-03-07 16:47:09 +0100] INFO - Admiral Cornwell has accessed Personnal Quarter
[2018-03-07 16:47:10 +0100] BLACK - Jumping over
[2018-03-07 16:47:10 +0100] INFO - Front shield at 100%
[2018-03-07 16:47:10 +0100] RECOVERY - Energy Storage system anomaly repaired.
[2018-03-07 16:47:10 +0100] INFO - Captain Lorca has accessed Nursery
[2018-03-07 16:47:10 +0100] RECOVERY - Spore Drive System anomaly repaired.
[2018-03-07 16:47:10 +0100] WARNING - Laser System is disfunctionnal, sending repair drones.
[2018-03-07 16:47:10 +0100] INFO - Captain Lorca has accessed Bridge
[2018-03-07 16:47:10 +0100] INFO - Science Officer Saru has accessed Gym Room
[2018-03-07 16:47:10 +0100] INFO - Science Officer Saru has accessed Technical Office
[2018-03-07 16:47:10 +0100] INFO - First Officer Burnham has accessed Bridge
[2018-03-07 16:47:10 +0100] INFO - Cadet Tilly has accessed Gym Room
[2018-03-07 16:47:10 +0100] INFO - Science Officer Saru has accessed Nursery
[2018-03-07 16:47:11 +0100] RECOVERY - Shields recovering over
[2018-03-07 16:47:11 +0100] INFO - Chief Engineer Stamets has accessed Dinner Room
[2018-03-07 16:47:11 +0100] RECOVERY - Laser System anomaly repaired.
[2018-03-07 16:47:11 +0100] INFO - First Officer Burnham has accessed Bridge
[2018-03-07 16:47:11 +0100] WARNING - Deflector Shield System is disfunctionnal, sending repair drones.
[2018-03-07 16:47:11 +0100] RECOVERY - Pirate ship destroyed.
[2018-03-07 16:47:11 +0100] INFO - First Officer Burnham has accessed Gym Room
[2018-03-07 16:47:11 +0100] INFO - Cadet Tilly has accessed Personnal Quarter
[2018-03-07 16:47:11 +0100] INFO - Cadet Tilly has accessed Bridge
[2018-03-07 16:47:11 +0100] INFO - Chief Engineer Stamets has accessed Bridge
[2018-03-07 16:47:11 +0100] INFO - Science Officer Saru has accessed Technical Office
[2018-03-07 16:47:12 +0100] WARNING - Spore Drive System is disfunctionnal, sending repair drones.
[2018-03-07 16:47:12 +0100] INFO - Cadet Tilly has accessed Laboratory
[2018-03-07 16:47:12 +0100] WARNING - Deflector Shield System is disfunctionnal, sending repair drones.
[2018-03-07 16:47:12 +0100] INFO - Admiral Cornwell has accessed Technical Office
[2018-03-07 16:47:12 +0100] INFO - Chief Engineer Stamets has accessed Gym Room
[2018-03-07 16:47:12 +0100] INFO - Admiral Cornwell has accessed Technical Office
[2018-03-07 16:47:12 +0100] INFO - First Officer Burnham has accessed Dinner Room
[2018-03-07 16:47:12 +0100] INFO - Chief Engineer Stamets has accessed Nursery
[2018-03-07 16:47:12 +0100] INFO - Science Officer Saru has accessed Bridge
[2018-03-07 16:47:13 +0100] INFO - Captain Lorca has accessed Dinner Room
[2018-03-07 16:47:13 +0100] INFO - Ambassador Sarek has accessed Gym Room
[2018-03-07 16:47:13 +0100] INFO - Ambassador Sarek has accessed Dinner Room
[2018-03-07 16:47:13 +0100] INFO - Cadet Tilly has accessed Technical Office
[2018-03-07 16:47:14 +0100] WARNING - Energy Storage system is disfunctionnal, sending repair drones.
[2018-03-07 16:47:14 +0100] INFO - First Officer Burnham has accessed Nursery
[2018-03-07 16:47:14 +0100] RECOVERY - Spore Drive System anomaly repaired.
[2018-03-07 16:47:14 +0100] INFO - Cadet Tilly has accessed Dinner Room
[2018-03-07 16:47:14 +0100] WARNING - Laser System is disfunctionnal, sending repair drones.
[2018-03-07 16:47:14 +0100] INFO - First Officer Burnham has accessed Personnal Quarter
[2018-03-07 16:47:14 +0100] INFO - Science Officer Saru has accessed Dinner Room
[2018-03-07 16:47:14 +0100] RECOVERY - Deflector Shield System anomaly repaired.
[2018-03-07 16:47:14 +0100] INFO - Cadet Tilly has accessed Bridge
[2018-03-07 16:47:14 +0100] INFO - Cadet Tilly has accessed Personnal Quarter
[2018-03-07 16:47:14 +0100] INFO - First Officer Burnham has accessed Laboratory
[2018-03-07 16:47:14 +0100] INFO - Ambassador Sarek has accessed Technical Office
[2018-03-07 16:47:14 +0100] INFO - Admiral Cornwell has accessed Nursery
[2018-03-07 16:47:14 +0100] INFO - Admiral Cornwell has accessed Dinner Room
[2018-03-07 16:47:14 +0100] INFO - Cadet Tilly has accessed Laboratory
[2018-03-07 16:47:15 +0100] INFO - Science Officer Saru has accessed Dinner Room
[2018-03-07 16:47:15 +0100] RECOVERY - Laser System anomaly repaired.
[2018-03-07 16:47:15 +0100] WARNING - Deflector Shield System is disfunctionnal, sending repair drones.
[2018-03-07 16:47:15 +0100] RECOVERY - Deflector Shield System anomaly repaired.
[2018-03-07 16:47:15 +0100] INFO - Science Officer Saru has accessed Nursery
[2018-03-07 16:47:15 +0100] DANGER - Ennemy ship (Romulan) detected!
[2018-03-07 16:47:15 +0100] INFO - Cadet Tilly has accessed Dinner Room
[2018-03-07 16:47:15 +0100] INFO - Science Officer Saru has accessed Technical Office
[2018-03-07 16:47:15 +0100] INFO - First Officer Burnham has accessed Dinner Room
[2018-03-07 16:47:15 +0100] INFO - Ambassador Sarek has accessed Gym Room
[2018-03-07 16:47:15 +0100] WARNING - Front shield state: 80%
[2018-03-07 16:47:16 +0100] WARNING - Deflector Shield System is disfunctionnal, sending repair drones.
[2018-03-07 16:47:16 +0100] WARNING - Laser System is disfunctionnal, sending repair drones.
[2018-03-07 16:47:16 +0100] INFO - Science Officer Saru has accessed Nursery
[2018-03-07 16:47:16 +0100] INFO - Chief Engineer Stamets has accessed Gym Room
[2018-03-07 16:47:16 +0100] INFO - Ambassador Sarek has accessed Dinner Room
[2018-03-07 16:47:16 +0100] INFO - Cadet Tilly has accessed Technical Office
[2018-03-07 16:47:16 +0100] INFO - Cadet Tilly has accessed Personnal Quarter
[2018-03-07 16:47:16 +0100] INFO - Chief Engineer Stamets has accessed Dinner Room
[2018-03-07 16:47:16 +0100] INFO - Science Officer Saru has accessed Technical Office
[2018-03-07 16:47:16 +0100] DANGER - Romulan ship engaged.
[2018-03-07 16:47:16 +0100] INFO - Automatic shield startup.
[2018-03-07 16:47:16 +0100] WARNING - Front shield state: 60%
[2018-03-07 16:58:10 +0100] STARTING - CONNECTED TO USS-DISCOVERY EVENT LOG
[2018-03-07 16:58:11 +0100] INFO - Admiral Cornwell has accessed Personnal Quarter
[2018-03-07 16:58:13 +0100] INFO - Science Officer Saru has accessed Gym Room
[2018-03-07 16:58:15 +0100] INFO - Cadet Tilly has accessed Personnal Quarter
[2018-03-07 16:58:20 +0100] INFO - Cadet Tilly has accessed Laboratory
[2018-03-07 16:58:23 +0100] INFO - Ambassador Sarek has accessed Laboratory
[2018-03-07 16:58:24 +0100] WARNING - Laser System is disfunctionnal, sending repair drones.
[2018-03-07 16:58:25 +0100] DANGER - Ennemy ship (Klingon) detected!
[2018-03-07 16:58:25 +0100] WARNING - Front shield state: 80%
[2018-03-07 16:58:26 +0100] DANGER - Klingon ship engaged.
[2018-03-07 16:58:26 +0100] INFO - Automatic shield startup.
[2018-03-07 16:58:26 +0100] WARNING - Front shield state: 60%
[2018-03-07 16:58:27 +0100] WARNING - Front shield state: 40%
[2018-03-07 16:58:27 +0100] INFO - Science Officer Saru has accessed Technical Office
[2018-03-07 16:58:28 +0100] RECOVERY - Laser System anomaly repaired.
[2018-03-07 16:58:28 +0100] INFO - Starting deflector shield's energy reload...
[2018-03-07 16:58:28 +0100] INFO - Admiral Cornwell has accessed Dinner Room
[2018-03-07 16:58:29 +0100] INFO - Front shield at 60%
[2018-03-07 16:58:29 +0100] RECOVERY - Klingon ship destroyed.
[2018-03-07 16:58:30 +0100] INFO - Front shield at 80%
[2018-03-07 16:58:30 +0100] INFO - Cadet Tilly has accessed Dinner Room
[2018-03-07 16:58:31 +0100] INFO - Front shield at 100%
[2018-03-07 16:58:31 +0100] INFO - Ambassador Sarek has accessed Personnal Quarter
[2018-03-07 16:58:31 +0100] INFO - Cadet Tilly has accessed Dinner Room
[2018-03-07 16:58:32 +0100] RECOVERY - Shields recovering over
[2018-03-07 16:58:32 +0100] INFO - Chief Engineer Stamets has accessed Technical Office
[2018-03-07 16:58:32 +0100] WARNING - Spore Drive System is disfunctionnal, sending repair drones.
[2018-03-07 16:58:33 +0100] INFO - Admiral Cornwell has accessed Laboratory
[2018-03-07 16:58:33 +0100] INFO - Chief Engineer Stamets has accessed Dinner Room
[2018-03-07 16:58:33 +0100] INFO - Captain Lorca has accessed Dinner Room
[2018-03-07 16:58:34 +0100] WARNING - Energy Storage system is disfunctionnal, sending repair drones.
[2018-03-07 16:58:34 +0100] INFO - Admiral Cornwell has accessed Personnal Quarter
[2018-03-07 16:58:34 +0100] INFO - Ambassador Sarek has accessed Technical Office
[2018-03-07 16:58:35 +0100] INFO - First Officer Burnham has accessed Laboratory
[2018-03-07 16:58:35 +0100] INFO - Science Officer Saru has accessed Laboratory
[2018-03-07 16:58:36 +0100] INFO - Captain Lorca has accessed Dinner Room
[2018-03-07 16:58:36 +0100] INFO - Chief Engineer Stamets has accessed Gym Room
[2018-03-07 16:58:36 +0100] INFO - Admiral Cornwell has accessed Personnal Quarter
[2018-03-07 17:06:33 +0100] STARTING - CONNECTED TO USS-DISCOVERY EVENT LOG
[2018-03-07 17:06:34 +0100] INFO - Admiral Cornwell has accessed Laboratory
[2018-03-07 17:06:36 +0100] INFO - Ambassador Sarek has accessed Technical Office
[2018-03-07 17:06:39 +0100] WARNING - Laser System is disfunctionnal, sending repair drones.
[2018-03-07 17:06:41 +0100] INFO - Science Officer Saru has accessed Dinner Room
[2018-03-07 17:06:43 +0100] RECOVERY - Laser System anomaly repaired.
[2018-03-07 17:06:43 +0100] DANGER - Ennemy ship (Romulan) detected!
[2018-03-07 17:06:43 +0100] WARNING - Front shield state: 80%
[2018-03-07 17:06:43 +0100] INFO - First Officer Burnham has accessed Bridge
[2018-03-07 17:06:44 +0100] DANGER - Romulan ship engaged.
[2018-03-07 17:06:44 +0100] INFO - Automatic shield startup.
[2018-03-07 17:06:44 +0100] WARNING - Front shield state: 60%
[2018-03-07 17:06:45 +0100] INFO - Cadet Tilly has accessed Personnal Quarter
[2018-03-07 17:06:46 +0100] WARNING - Laser System is disfunctionnal, sending repair drones.
[2018-03-07 17:06:46 +0100] INFO - Chief Engineer Stamets has accessed Personnal Quarter
[2018-03-07 17:06:47 +0100] RECOVERY - Romulan ship destroyed.
[2018-03-07 17:06:47 +0100] INFO - Starting deflector shield's energy reload...
[2018-03-07 17:06:48 +0100] INFO - Front shield at 80%
[2018-03-07 17:06:48 +0100] INFO - Ambassador Sarek has accessed Gym Room
[2018-03-07 17:07:00 +0100] STARTING - CONNECTED TO USS-DISCOVERY EVENT LOG
[2018-03-07 17:07:04 +0100] INFO - First Officer Burnham has accessed Nursery
[2018-03-07 17:07:06 +0100] INFO - Ambassador Sarek has accessed Personnal Quarter
[2018-03-07 17:07:08 +0100] STARTING - CONNECTED TO USS-DISCOVERY EVENT LOG
[2018-03-07 17:07:13 +0100] INFO - Admiral Cornwell has accessed Dinner Room
[2018-03-07 17:07:14 +0100] WARNING - Laser System is disfunctionnal, sending repair drones.
[2018-03-07 17:07:16 +0100] RECOVERY - Laser System anomaly repaired.
[2018-03-07 17:07:18 +0100] INFO - Captain Lorca has accessed Personnal Quarter
[2018-03-07 17:07:20 +0100] DANGER - Ennemy ship (Pirate) detected!
[2018-03-07 17:07:20 +0100] WARNING - Front shield state: 80%
[2018-03-07 17:07:21 +0100] DANGER - Pirate ship engaged.
[2018-03-07 17:07:21 +0100] INFO - Automatic shield startup.
[2018-03-07 17:07:21 +0100] WARNING - Front shield state: 60%
[2018-03-07 17:07:21 +0100] INFO - Admiral Cornwell has accessed Technical Office
[2018-03-07 17:07:22 +0100] WARNING - Front shield state: 40%
[2018-03-07 17:07:23 +0100] WARNING - Front shield state: 20%
[2018-03-07 17:07:24 +0100] RECOVERY - Pirate ship destroyed.
[2018-03-07 17:07:24 +0100] INFO - Starting deflector shield's energy reload...
[2018-03-07 17:07:24 +0100] INFO - Chief Engineer Stamets has accessed Technical Office
[2018-03-07 17:07:25 +0100] WARNING - Spore Drive System is disfunctionnal, sending repair drones.
[2018-03-07 17:07:25 +0100] INFO - Front shield at 40%
[2018-03-07 17:16:09 +0100] STARTING - CONNECTED TO USS-DISCOVERY EVENT LOG
[2018-03-07 17:16:12 +0100] INFO - Captain Lorca has accessed Bridge
[2018-03-07 17:16:16 +0100] INFO - Ambassador Sarek has accessed Bridge
[2018-03-07 17:16:21 +0100] WARNING - Laser System is disfunctionnal, sending repair drones.
[2018-03-07 17:16:21 +0100] DANGER - Ennemy ship (Romulan) detected!
[2018-03-07 17:16:21 +0100] WARNING - Front shield state: 80%
[2018-03-07 17:16:21 +0100] INFO - Cadet Tilly has accessed Gym Room
[2018-03-07 17:16:22 +0100] DANGER - Romulan ship engaged.
[2018-03-07 17:16:22 +0100] INFO - Automatic shield startup.
[2018-03-07 17:16:22 +0100] WARNING - Front shield state: 60%
[2018-03-07 17:16:23 +0100] RECOVERY - Laser System anomaly repaired.
[2018-03-07 17:16:23 +0100] INFO - Starting deflector shield's energy reload...
[2018-03-07 17:16:23 +0100] INFO - Captain Lorca has accessed Dinner Room
[2018-03-07 17:16:24 +0100] INFO - Front shield at 80%
[2018-03-07 17:16:25 +0100] INFO - Front shield at 100%
[2018-03-07 17:16:25 +0100] INFO - Admiral Cornwell has accessed Laboratory
[2018-03-07 17:16:25 +0100] RECOVERY - Romulan ship destroyed.
[2018-03-07 17:16:25 +0100] INFO - Chief Engineer Stamets has accessed Technical Office
[2018-03-07 17:16:26 +0100] RECOVERY - Shields recovering over
[2018-03-07 17:16:26 +0100] INFO - Science Officer Saru has accessed Dinner Room
[2018-03-07 17:16:27 +0100] INFO - Chief Engineer Stamets has accessed Dinner Room
[2018-03-07 17:16:28 +0100] INFO - First Officer Burnham has accessed Gym Room
[2018-03-07 17:16:29 +0100] WARNING - Energy Storage system is disfunctionnal, sending repair drones.
[2018-03-07 17:16:29 +0100] DANGER - Ennemy ship (Klingon) detected!
[2018-03-07 17:16:29 +0100] INFO - Cadet Tilly has accessed Bridge
[2018-03-07 17:16:29 +0100] INFO - Cadet Tilly has accessed Dinner Room
[2018-03-07 17:16:29 +0100] WARNING - Front shield state: 80%
[2018-03-07 17:16:30 +0100] INFO - Admiral Cornwell has accessed Technical Office
[2018-03-07 17:16:30 +0100] WARNING - Laser System is disfunctionnal, sending repair drones.
[2018-03-07 17:16:30 +0100] DANGER - Klingon ship engaged.
[2018-03-07 17:16:30 +0100] INFO - Automatic shield startup.
[2018-03-07 17:16:30 +0100] WARNING - Front shield state: 60%
[2018-03-07 17:16:30 +0100] INFO - Science Officer Saru has accessed Gym Room
[2018-03-07 17:16:31 +0100] INFO - Chief Engineer Stamets has accessed Nursery
[2018-03-07 17:16:31 +0100] WARNING - Front shield state: 40%
[2018-03-07 17:16:32 +0100] WARNING - Spore Drive System is disfunctionnal, sending repair drones.
[2018-03-07 17:16:32 +0100] RECOVERY - Energy Storage system anomaly repaired.
[2018-03-07 17:16:32 +0100] INFO - Starting deflector shield's energy reload...
[2018-03-07 17:16:32 +0100] INFO - First Officer Burnham has accessed Nursery
[2018-03-07 17:16:32 +0100] WARNING - Front shield state: 20%
[2018-03-07 17:16:32 +0100] INFO - Science Officer Saru has accessed Bridge
[2018-03-07 17:16:33 +0100] INFO - Front shield at 40%
[2018-03-07 17:16:33 +0100] INFO - Admiral Cornwell has accessed Gym Room
[2018-03-07 17:16:33 +0100] RECOVERY - Klingon ship destroyed.
[2018-03-07 17:16:33 +0100] INFO - Chief Engineer Stamets has accessed Nursery
[2018-03-07 17:16:33 +0100] INFO - Captain Lorca has accessed Nursery
[2018-03-07 17:16:33 +0100] INFO - Captain Lorca has accessed Personnal Quarter
[2018-03-07 17:16:34 +0100] INFO - Front shield at 60%
[2018-03-07 17:16:34 +0100] RECOVERY - Laser System anomaly repaired.
[2018-03-07 17:16:34 +0100] INFO - Ambassador Sarek has accessed Gym Room
[2018-03-07 17:16:34 +0100] INFO - Science Officer Saru has accessed Dinner Room
[2018-03-07 17:16:34 +0100] INFO - First Officer Burnham has accessed Gym Room
[2018-03-07 17:16:34 +0100] INFO - Science Officer Saru has accessed Gym Room
[2018-03-07 17:16:34 +0100] INFO - Admiral Cornwell has accessed Technical Office
[2018-03-07 17:16:35 +0100] RECOVERY - Spore Drive System anomaly repaired.
[2018-03-07 17:16:35 +0100] INFO - Front shield at 80%
[2018-03-07 17:16:35 +0100] WARNING - Deflector Shield System is disfunctionnal, sending repair drones.
[2018-03-07 17:16:35 +0100] INFO - Admiral Cornwell has accessed Laboratory
[2018-03-07 17:16:36 +0100] INFO - Front shield at 100%
[2018-03-07 17:16:36 +0100] INFO - Chief Engineer Stamets has accessed Bridge
[2018-03-07 17:16:36 +0100] INFO - Cadet Tilly has accessed Gym Room
[2018-03-07 17:16:37 +0100] RECOVERY - Shields recovering over
[2018-03-07 17:16:37 +0100] INFO - Admiral Cornwell has accessed Laboratory
[2018-03-07 17:16:37 +0100] INFO - Chief Engineer Stamets has accessed Dinner Room
[2018-03-07 17:16:37 +0100] INFO - Cadet Tilly has accessed Technical Office
[2018-03-07 17:16:38 +0100] INFO - Captain Lorca has accessed Technical Office
[2018-03-07 17:16:38 +0100] INFO - Cadet Tilly has accessed Bridge
[2018-03-07 17:16:38 +0100] WARNING - Spore Drive System is disfunctionnal, sending repair drones.
[2018-03-07 17:16:38 +0100] INFO - Cadet Tilly has accessed Technical Office
[2018-03-07 17:16:38 +0100] INFO - Ambassador Sarek has accessed Technical Office
[2018-03-07 17:16:38 +0100] INFO - Admiral Cornwell has accessed Dinner Room
[2018-03-07 17:16:39 +0100] INFO - Admiral Cornwell has accessed Personnal Quarter
[2018-03-07 17:16:39 +0100] INFO - Admiral Cornwell has accessed Dinner Room
[2018-03-07 17:16:39 +0100] INFO - Chief Engineer Stamets has accessed Nursery
[2018-03-07 17:16:39 +0100] INFO - First Officer Burnham has accessed Bridge
[2018-03-07 17:16:40 +0100] BLACK - Preparing Hyper Jump
[2018-03-07 17:16:40 +0100] RECOVERY - Deflector Shield System anomaly repaired.
[2018-03-07 17:16:40 +0100] INFO - First Officer Burnham has accessed Bridge
[2018-03-07 17:16:40 +0100] INFO - Ambassador Sarek has accessed Bridge
[2018-03-07 17:16:40 +0100] WARNING - Energy Storage system is disfunctionnal, sending repair drones.
[2018-03-07 17:16:40 +0100] INFO - Cadet Tilly has accessed Personnal Quarter
[2018-03-07 17:16:40 +0100] INFO - Admiral Cornwell has accessed Laboratory
[2018-03-07 17:16:41 +0100] BLACK - Jumping over
[2018-03-07 17:16:41 +0100] WARNING - Laser System is disfunctionnal, sending repair drones.
[2018-03-07 17:16:41 +0100] WARNING - Laser System is disfunctionnal, sending repair drones.
[2018-03-07 17:16:41 +0100] DANGER - Ennemy ship (Romulan) detected!
[2018-03-07 17:16:41 +0100] INFO - Science Officer Saru has accessed Dinner Room
[2018-03-07 17:16:41 +0100] WARNING - Front shield state: 80%
[2018-03-07 17:16:41 +0100] INFO - Cadet Tilly has accessed Laboratory
[2018-03-07 17:16:42 +0100] WARNING - Energy Storage system is disfunctionnal, sending repair drones.
[2018-03-07 17:16:42 +0100] INFO - Captain Lorca has accessed Dinner Room
[2018-03-07 17:16:42 +0100] INFO - Cadet Tilly has accessed Laboratory
[2018-03-07 17:16:42 +0100] RECOVERY - Spore Drive System anomaly repaired.
[2018-03-07 17:16:42 +0100] DANGER - Romulan ship engaged.
[2018-03-07 17:16:42 +0100] INFO - Automatic shield startup.
[2018-03-07 17:16:42 +0100] INFO - Starting deflector shield's energy reload...
[2018-03-07 17:16:42 +0100] INFO - Admiral Cornwell has accessed Personnal Quarter
[2018-03-07 17:16:43 +0100] RECOVERY - Laser System anomaly repaired.
[2018-03-07 17:16:43 +0100] INFO - Cadet Tilly has accessed Dinner Room
[2018-03-07 17:16:43 +0100] INFO - Front shield at 100%
[2018-03-07 17:16:43 +0100] INFO - Cadet Tilly has accessed Laboratory
[2018-03-07 17:16:43 +0100] INFO - Science Officer Saru has accessed Bridge
[2018-03-07 17:16:43 +0100] INFO - First Officer Burnham has accessed Laboratory
[2018-03-07 17:16:44 +0100] RECOVERY - Energy Storage system anomaly repaired.
[2018-03-07 17:16:44 +0100] INFO - Admiral Cornwell has accessed Personnal Quarter
[2018-03-07 17:16:44 +0100] RECOVERY - Shields recovering over
[2018-03-07 17:16:44 +0100] INFO - Cadet Tilly has accessed Dinner Room
[2018-03-07 17:16:44 +0100] INFO - Ambassador Sarek has accessed Dinner Room
[2018-03-07 17:16:44 +0100] INFO - Chief Engineer Stamets has accessed Laboratory
[2018-03-07 17:16:44 +0100] INFO - First Officer Burnham has accessed Personnal Quarter
[2018-03-07 17:16:45 +0100] WARNING - Spore Drive System is disfunctionnal, sending repair drones.
[2018-03-07 17:16:45 +0100] INFO - Science Officer Saru has accessed Dinner Room
[2018-03-07 17:16:45 +0100] INFO - Ambassador Sarek has accessed Nursery
[2018-03-07 17:16:45 +0100] RECOVERY - Energy Storage system anomaly repaired.
[2018-03-07 17:16:45 +0100] RECOVERY - Romulan ship destroyed.
[2018-03-07 17:16:45 +0100] WARNING - Laser System is disfunctionnal, sending repair drones.
[2018-03-07 17:16:46 +0100] RECOVERY - Laser System anomaly repaired.
[2018-03-07 17:16:46 +0100] INFO - Captain Lorca has accessed Gym Room
[2018-03-07 17:16:46 +0100] INFO - Cadet Tilly has accessed Bridge
[2018-03-07 17:16:46 +0100] INFO - Admiral Cornwell has accessed Laboratory
[2018-03-07 17:16:46 +0100] INFO - Captain Lorca has accessed Dinner Room
[2018-03-07 17:16:46 +0100] INFO - Captain Lorca has accessed Nursery
[2018-03-07 17:16:46 +0100] INFO - Admiral Cornwell has accessed Technical Office
[2018-03-07 17:16:47 +0100] WARNING - Deflector Shield System is disfunctionnal, sending repair drones.
[2018-03-07 17:16:47 +0100] INFO - Chief Engineer Stamets has accessed Technical Office
[2018-03-07 17:16:47 +0100] RECOVERY - Laser System anomaly repaired.
[2018-03-07 17:16:47 +0100] INFO - Science Officer Saru has accessed Bridge
[2018-03-07 17:16:47 +0100] INFO - First Officer Burnham has accessed Bridge
[2018-03-07 17:16:48 +0100] INFO - Chief Engineer Stamets has accessed Gym Room
[2018-03-07 17:16:48 +0100] INFO - Captain Lorca has accessed Nursery
[2018-03-07 17:16:48 +0100] INFO - Chief Engineer Stamets has accessed Nursery
[2018-03-07 17:16:48 +0100] INFO - Ambassador Sarek has accessed Technical Office
[2018-03-07 17:16:48 +0100] INFO - Science Officer Saru has accessed Gym Room
[2018-03-07 17:16:48 +0100] INFO - Cadet Tilly has accessed Laboratory
[2018-03-07 17:16:48 +0100] INFO - Captain Lorca has accessed Bridge
[2018-03-07 17:16:49 +0100] RECOVERY - Deflector Shield System anomaly repaired.
[2018-03-07 17:16:49 +0100] INFO - First Officer Burnham has accessed Personnal Quarter
[2018-03-07 17:16:49 +0100] INFO - First Officer Burnham has accessed Technical Office
[2018-03-07 17:16:49 +0100] INFO - Science Officer Saru has accessed Dinner Room
[2018-03-07 17:16:50 +0100] RECOVERY - Spore Drive System anomaly repaired.
[2018-03-07 17:16:50 +0100] WARNING - Laser System is disfunctionnal, sending repair drones.
[2018-03-07 17:16:50 +0100] INFO - Cadet Tilly has accessed Gym Room
[2018-03-07 17:16:50 +0100] DANGER - Ennemy ship (Pirate) detected!
[2018-03-07 17:16:50 +0100] INFO - Cadet Tilly has accessed Personnal Quarter
[2018-03-07 17:16:50 +0100] WARNING - Front shield state: 80%
[2018-03-07 17:16:50 +0100] INFO - Captain Lorca has accessed Bridge
[2018-03-07 17:16:50 +0100] INFO - Cadet Tilly has accessed Nursery
[2018-03-07 17:16:51 +0100] INFO - First Officer Burnham has accessed Bridge
[2018-03-07 17:16:51 +0100] INFO - Captain Lorca has accessed Gym Room
[2018-03-07 17:16:51 +0100] INFO - Science Officer Saru has accessed Gym Room
[2018-03-07 17:16:51 +0100] INFO - Ambassador Sarek has accessed Dinner Room
[2018-03-07 17:16:51 +0100] INFO - Science Officer Saru has accessed Dinner Room
[2018-03-07 17:16:51 +0100] DANGER - Pirate ship engaged.
[2018-03-07 17:16:51 +0100] INFO - Automatic shield startup.
[2018-03-07 17:16:51 +0100] INFO - Science Officer Saru has accessed Gym Room
[2018-03-07 17:16:52 +0100] INFO - Captain Lorca has accessed Bridge
[2018-03-07 17:16:52 +0100] INFO - Ambassador Sarek has accessed Dinner Room
[2018-03-07 17:16:52 +0100] INFO - Captain Lorca has accessed Nursery
[2018-03-07 17:16:52 +0100] INFO - First Officer Burnham has accessed Dinner Room
[2018-03-07 17:16:52 +0100] INFO - Cadet Tilly has accessed Bridge
[2018-03-07 17:16:53 +0100] WARNING - Deflector Shield System is disfunctionnal, sending repair drones.
[2018-03-07 17:16:53 +0100] INFO - First Officer Burnham has accessed Laboratory
[2018-03-07 17:16:53 +0100] INFO - Cadet Tilly has accessed Dinner Room
[2018-03-07 17:16:53 +0100] INFO - First Officer Burnham has accessed Technical Office
[2018-03-07 17:16:53 +0100] INFO - Chief Engineer Stamets has accessed Gym Room
[2018-03-07 17:16:54 +0100] WARNING - Deflector Shield System is disfunctionnal, sending repair drones.
[2018-03-07 17:16:54 +0100] WARNING - Deflector Shield System is disfunctionnal, sending repair drones.
[2018-03-07 17:16:54 +0100] WARNING - Deflector Shield System is disfunctionnal, sending repair drones.
[2018-03-07 17:16:54 +0100] RECOVERY - Laser System anomaly repaired.
[2018-03-07 17:16:54 +0100] INFO - Chief Engineer Stamets has accessed Bridge
[2018-03-07 17:16:54 +0100] INFO - Starting deflector shield's energy reload...
[2018-03-07 17:16:54 +0100] INFO - Ambassador Sarek has accessed Gym Room
[2018-03-07 17:16:54 +0100] RECOVERY - Pirate ship destroyed.
[2018-03-07 17:16:54 +0100] INFO - Cadet Tilly has accessed Gym Room
[2018-03-07 17:16:55 +0100] WARNING - Deflector Shield System is disfunctionnal, sending repair drones.
[2018-03-07 17:16:55 +0100] WARNING - Spore Drive System is disfunctionnal, sending repair drones.
[2018-03-07 17:16:55 +0100] INFO - Front shield at 100%
[2018-03-07 17:16:55 +0100] INFO - Admiral Cornwell has accessed Personnal Quarter
[2018-03-07 17:16:55 +0100] INFO - Captain Lorca has accessed Gym Room
[2018-03-07 17:16:55 +0100] INFO - Science Officer Saru has accessed Personnal Quarter
[2018-03-07 17:16:55 +0100] INFO - First Officer Burnham has accessed Gym Room
[2018-03-07 17:16:55 +0100] INFO - First Officer Burnham has accessed Gym Room
[2018-03-07 17:16:55 +0100] INFO - Cadet Tilly has accessed Technical Office
[2018-03-07 17:16:56 +0100] RECOVERY - Deflector Shield System anomaly repaired.
[2018-03-07 17:16:56 +0100] RECOVERY - Deflector Shield System anomaly repaired.
[2018-03-07 17:16:56 +0100] RECOVERY - Shields recovering over
[2018-03-07 17:16:56 +0100] INFO - Admiral Cornwell has accessed Technical Office
[2018-03-07 17:16:56 +0100] INFO - Cadet Tilly has accessed Gym Room
[2018-03-07 17:16:56 +0100] INFO - Captain Lorca has accessed Nursery
[2018-03-07 17:16:56 +0100] INFO - Science Officer Saru has accessed Technical Office
[2018-03-07 17:16:56 +0100] INFO - First Officer Burnham has accessed Technical Office
[2018-03-07 17:16:56 +0100] INFO - Ambassador Sarek has accessed Nursery
[2018-03-07 17:16:56 +0100] INFO - Chief Engineer Stamets has accessed Personnal Quarter
[2018-03-07 17:16:56 +0100] INFO - Chief Engineer Stamets has accessed Bridge
[2018-03-07 17:16:56 +0100] INFO - Ambassador Sarek has accessed Bridge
[2018-03-07 17:16:57 +0100] INFO - Science Officer Saru has accessed Bridge
[2018-03-07 17:16:57 +0100] INFO - Captain Lorca has accessed Gym Room
[2018-03-07 17:16:57 +0100] INFO - Science Officer Saru has accessed Gym Room
[2018-03-07 17:16:57 +0100] INFO - Captain Lorca has accessed Nursery
[2018-03-07 17:16:57 +0100] INFO - Chief Engineer Stamets has accessed Laboratory
[2018-03-07 17:16:57 +0100] INFO - Cadet Tilly has accessed Dinner Room
[2018-03-07 17:16:57 +0100] INFO - Science Officer Saru has accessed Laboratory
[2018-03-07 17:16:58 +0100] RECOVERY - Deflector Shield System anomaly repaired.
[2018-03-07 17:16:58 +0100] INFO - Science Officer Saru has accessed Personnal Quarter
[2018-03-07 17:16:58 +0100] DANGER - Ennemy ship (Klingon) detected!
[2018-03-07 17:16:58 +0100] INFO - Admiral Cornwell has accessed Technical Office
[2018-03-07 17:16:58 +0100] WARNING - Front shield state: 80%
[2018-03-07 17:16:58 +0100] INFO - Captain Lorca has accessed Gym Room
[2018-03-07 17:16:58 +0100] INFO - Chief Engineer Stamets has accessed Gym Room
[2018-03-07 17:16:58 +0100] INFO - Chief Engineer Stamets has accessed Bridge
[2018-03-07 17:16:59 +0100] RECOVERY - Deflector Shield System anomaly repaired.
[2018-03-07 17:16:59 +0100] RECOVERY - Deflector Shield System anomaly repaired.
[2018-03-07 17:16:59 +0100] INFO - Starting deflector shield's energy reload...
[2018-03-07 17:16:59 +0100] WARNING - Laser System is disfunctionnal, sending repair drones.
[2018-03-07 17:16:59 +0100] INFO - Ambassador Sarek has accessed Nursery
[2018-03-07 17:16:59 +0100] INFO - Science Officer Saru has accessed Personnal Quarter
[2018-03-07 17:16:59 +0100] WARNING - Laser System is disfunctionnal, sending repair drones.
[2018-03-07 17:16:59 +0100] INFO - First Officer Burnham has accessed Personnal Quarter
[2018-03-07 17:16:59 +0100] DANGER - Klingon ship engaged.
[2018-03-07 17:16:59 +0100] INFO - Automatic shield startup.
[2018-03-07 17:16:59 +0100] WARNING - Front shield state: 60%
[2018-03-07 17:16:59 +0100] INFO - Cadet Tilly has accessed Technical Office
[2018-03-07 17:16:59 +0100] INFO - Cadet Tilly has accessed Dinner Room
[2018-03-07 17:17:00 +0100] INFO - Front shield at 80%
[2018-03-07 17:17:00 +0100] RECOVERY - Spore Drive System anomaly repaired.
[2018-03-07 17:17:00 +0100] INFO - Admiral Cornwell has accessed Technical Office
[2018-03-07 17:17:00 +0100] INFO - Cadet Tilly has accessed Personnal Quarter
[2018-03-07 17:17:00 +0100] INFO - Science Officer Saru has accessed Bridge
[2018-03-07 17:17:00 +0100] INFO - Science Officer Saru has accessed Technical Office
[2018-03-07 17:17:00 +0100] INFO - Captain Lorca has accessed Laboratory
[2018-03-07 17:17:00 +0100] INFO - First Officer Burnham has accessed Nursery
[2018-03-07 17:17:00 +0100] INFO - First Officer Burnham has accessed Gym Room
[2018-03-07 17:17:01 +0100] INFO - Front shield at 100%
[2018-03-07 17:17:01 +0100] RECOVERY - Laser System anomaly repaired.
[2018-03-07 17:17:01 +0100] INFO - Ambassador Sarek has accessed Gym Room
[2018-03-07 17:17:01 +0100] INFO - Cadet Tilly has accessed Technical Office
[2018-03-07 17:17:01 +0100] INFO - Science Officer Saru has accessed Bridge
[2018-03-07 17:17:01 +0100] INFO - Captain Lorca has accessed Personnal Quarter
[2018-03-07 17:17:02 +0100] WARNING - Deflector Shield System is disfunctionnal, sending repair drones.
[2018-03-07 17:17:02 +0100] RECOVERY - Shields recovering over
[2018-03-07 17:17:02 +0100] INFO - First Officer Burnham has accessed Nursery
[2018-03-07 17:17:02 +0100] INFO - Chief Engineer Stamets has accessed Bridge
[2018-03-07 17:17:02 +0100] INFO - Captain Lorca has accessed Laboratory
[2018-03-07 17:17:02 +0100] INFO - Cadet Tilly has accessed Laboratory
[2018-03-07 17:17:02 +0100] RECOVERY - Klingon ship destroyed.
[2018-03-07 17:17:02 +0100] INFO - Admiral Cornwell has accessed Gym Room
[2018-03-07 17:17:02 +0100] INFO - Captain Lorca has accessed Laboratory
[2018-03-07 17:17:02 +0100] INFO - Ambassador Sarek has accessed Nursery
[2018-03-07 17:17:02 +0100] INFO - Cadet Tilly has accessed Bridge
[2018-03-07 17:17:02 +0100] INFO - Science Officer Saru has accessed Gym Room
[2018-03-07 17:17:02 +0100] INFO - First Officer Burnham has accessed Dinner Room
[2018-03-07 17:17:03 +0100] INFO - Captain Lorca has accessed Gym Room
[2018-03-07 17:17:03 +0100] INFO - Chief Engineer Stamets has accessed Dinner Room
[2018-03-07 17:17:03 +0100] RECOVERY - Laser System anomaly repaired.
[2018-03-07 17:17:03 +0100] INFO - Ambassador Sarek has accessed Bridge
[2018-03-07 17:17:04 +0100] RECOVERY - Deflector Shield System anomaly repaired.
[2018-03-07 17:17:04 +0100] WARNING - Laser System is disfunctionnal, sending repair drones.
[2018-03-07 17:17:04 +0100] WARNING - Deflector Shield System is disfunctionnal, sending repair drones.
[2018-03-07 17:17:04 +0100] INFO - Captain Lorca has accessed Laboratory
[2018-03-07 17:17:04 +0100] INFO - Captain Lorca has accessed Technical Office
[2018-03-07 17:17:04 +0100] INFO - Science Officer Saru has accessed Laboratory
[2018-03-07 17:17:04 +0100] INFO - Science Officer Saru has accessed Gym Room
[2018-03-07 17:17:04 +0100] INFO - Cadet Tilly has accessed Bridge
[2018-03-07 17:17:04 +0100] INFO - Cadet Tilly has accessed Technical Office
[2018-03-07 17:17:05 +0100] WARNING - Deflector Shield System is disfunctionnal, sending repair drones.
[2018-03-07 17:17:05 +0100] INFO - Science Officer Saru has accessed Gym Room
[2018-03-07 17:17:05 +0100] WARNING - Energy Storage system is disfunctionnal, sending repair drones.
[2018-03-07 17:17:05 +0100] INFO - Cadet Tilly has accessed Personnal Quarter
[2018-03-07 17:17:05 +0100] WARNING - Energy Storage system is disfunctionnal, sending repair drones.
[2018-03-07 17:17:05 +0100] INFO - Cadet Tilly has accessed Technical Office
[2018-03-07 17:17:05 +0100] INFO - First Officer Burnham has accessed Bridge
[2018-03-07 17:17:05 +0100] INFO - Captain Lorca has accessed Gym Room
[2018-03-07 17:17:05 +0100] INFO - Chief Engineer Stamets has accessed Technical Office
[2018-03-07 17:17:06 +0100] RECOVERY - Laser System anomaly repaired.
[2018-03-07 17:17:06 +0100] INFO - Admiral Cornwell has accessed Laboratory
[2018-03-07 17:17:06 +0100] INFO - First Officer Burnham has accessed Dinner Room
[2018-03-07 17:17:06 +0100] INFO - Captain Lorca has accessed Dinner Room
[2018-03-07 17:17:06 +0100] WARNING - Spore Drive System is disfunctionnal, sending repair drones.
[2018-03-07 17:17:06 +0100] INFO - First Officer Burnham has accessed Dinner Room
[2018-03-07 17:17:06 +0100] INFO - Admiral Cornwell has accessed Personnal Quarter
[2018-03-07 17:17:06 +0100] INFO - Admiral Cornwell has accessed Technical Office
[2018-03-07 17:17:06 +0100] INFO - Ambassador Sarek has accessed Technical Office
[2018-03-07 17:17:06 +0100] INFO - Ambassador Sarek has accessed Bridge
[2018-03-07 17:17:07 +0100] RECOVERY - Energy Storage system anomaly repaired.
[2018-03-07 17:17:07 +0100] INFO - First Officer Burnham has accessed Dinner Room
[2018-03-07 17:17:07 +0100] INFO - Admiral Cornwell has accessed Laboratory
[2018-03-07 17:17:07 +0100] INFO - Cadet Tilly has accessed Dinner Room
[2018-03-07 17:17:07 +0100] INFO - First Officer Burnham has accessed Gym Room
[2018-03-07 17:17:07 +0100] INFO - Ambassador Sarek has accessed Laboratory
[2018-03-07 17:17:07 +0100] INFO - Chief Engineer Stamets has accessed Personnal Quarter
[2018-03-07 17:17:07 +0100] INFO - Cadet Tilly has accessed Laboratory
[2018-03-07 17:17:07 +0100] INFO - Science Officer Saru has accessed Technical Office
[2018-03-07 17:17:07 +0100] INFO - Science Officer Saru has accessed Nursery
[2018-03-07 17:17:07 +0100] INFO - Chief Engineer Stamets has accessed Laboratory
[2018-03-07 17:17:08 +0100] WARNING - Laser System is disfunctionnal, sending repair drones.
[2018-03-07 17:17:08 +0100] RECOVERY - Deflector Shield System anomaly repaired.
[2018-03-07 17:17:08 +0100] INFO - Cadet Tilly has accessed Bridge
[2018-03-07 17:17:08 +0100] RECOVERY - Spore Drive System anomaly repaired.
[2018-03-07 17:17:08 +0100] INFO - Captain Lorca has accessed Laboratory
[2018-03-07 17:17:08 +0100] INFO - Captain Lorca has accessed Gym Room
[2018-03-07 17:17:08 +0100] INFO - First Officer Burnham has accessed Nursery
[2018-03-07 17:17:08 +0100] WARNING - Deflector Shield System is disfunctionnal, sending repair drones.
[2018-03-07 17:17:08 +0100] INFO - Admiral Cornwell has accessed Personnal Quarter
[2018-03-07 17:17:08 +0100] INFO - Science Officer Saru has accessed Bridge
[2018-03-07 17:17:08 +0100] INFO - Chief Engineer Stamets has accessed Technical Office
[2018-03-07 17:17:09 +0100] WARNING - Laser System is disfunctionnal, sending repair drones.
[2018-03-07 17:17:09 +0100] RECOVERY - Deflector Shield System anomaly repaired.
[2018-03-07 17:17:09 +0100] INFO - Admiral Cornwell has accessed Dinner Room
[2018-03-07 17:17:09 +0100] INFO - First Officer Burnham has accessed Personnal Quarter
[2018-03-07 17:17:09 +0100] INFO - Science Officer Saru has accessed Bridge
[2018-03-07 17:17:09 +0100] INFO - Chief Engineer Stamets has accessed Laboratory
[2018-03-07 17:17:09 +0100] INFO - Science Officer Saru has accessed Laboratory
[2018-03-07 17:17:09 +0100] RECOVERY - Energy Storage system anomaly repaired.
[2018-03-07 17:17:09 +0100] INFO - Captain Lorca has accessed Laboratory
[2018-03-07 17:17:09 +0100] INFO - Captain Lorca has accessed Nursery
[2018-03-07 17:17:09 +0100] INFO - Ambassador Sarek has accessed Gym Room
[2018-03-07 17:17:09 +0100] INFO - Admiral Cornwell has accessed Personnal Quarter
[2018-03-07 17:17:10 +0100] WARNING - Energy Storage system is disfunctionnal, sending repair drones.
[2018-03-07 17:17:10 +0100] INFO - Admiral Cornwell has accessed Laboratory
[2018-03-07 17:17:10 +0100] DANGER - Ennemy ship (Romulan) detected!
[2018-03-07 17:17:10 +0100] INFO - Science Officer Saru has accessed Bridge
[2018-03-07 17:17:10 +0100] WARNING - Front shield state: 80%
[2018-03-07 17:17:10 +0100] INFO - First Officer Burnham has accessed Technical Office
[2018-03-07 17:17:10 +0100] INFO - Captain Lorca has accessed Nursery
[2018-03-07 17:17:10 +0100] INFO - Captain Lorca has accessed Laboratory
[2018-03-07 17:17:10 +0100] INFO - Admiral Cornwell has accessed Personnal Quarter
[2018-03-07 17:17:10 +0100] INFO - Science Officer Saru has accessed Gym Room
[2018-03-07 17:17:10 +0100] INFO - Admiral Cornwell has accessed Bridge
[2018-03-07 17:17:11 +0100] WARNING - Laser System is disfunctionnal, sending repair drones.
[2018-03-07 17:17:11 +0100] RECOVERY - Laser System anomaly repaired.
[2018-03-07 17:17:11 +0100] INFO - Starting deflector shield's energy reload...
[2018-03-07 17:17:11 +0100] INFO - Science Officer Saru has accessed Laboratory
[2018-03-07 17:17:11 +0100] INFO - Ambassador Sarek has accessed Laboratory
[2018-03-07 17:17:11 +0100] INFO - Cadet Tilly has accessed Dinner Room
[2018-03-07 17:17:11 +0100] INFO - Chief Engineer Stamets has accessed Laboratory
[2018-03-07 17:17:11 +0100] DANGER - Romulan ship engaged.
[2018-03-07 17:17:11 +0100] INFO - Automatic shield startup.
[2018-03-07 17:17:11 +0100] RECOVERY - Deflector Shield System anomaly repaired.
[2018-03-07 17:17:11 +0100] INFO - Admiral Cornwell has accessed Dinner Room
[2018-03-07 17:17:11 +0100] INFO - Chief Engineer Stamets has accessed Personnal Quarter
[2018-03-07 17:17:11 +0100] INFO - Science Officer Saru has accessed Nursery
[2018-03-07 17:17:11 +0100] INFO - Admiral Cornwell has accessed Technical Office
[2018-03-07 17:17:12 +0100] INFO - Front shield at 100%
[2018-03-07 17:17:12 +0100] WARNING - Deflector Shield System is disfunctionnal, sending repair drones.
[2018-03-07 17:17:12 +0100] INFO - Admiral Cornwell has accessed Gym Room
[2018-03-07 17:17:12 +0100] INFO - Admiral Cornwell has accessed Bridge
[2018-03-07 17:17:12 +0100] INFO - Science Officer Saru has accessed Technical Office
[2018-03-07 17:17:12 +0100] INFO - Science Officer Saru has accessed Dinner Room
[2018-03-07 17:17:12 +0100] INFO - Cadet Tilly has accessed Personnal Quarter
[2018-03-07 17:17:12 +0100] INFO - First Officer Burnham has accessed Bridge
[2018-03-07 17:17:12 +0100] INFO - Science Officer Saru has accessed Dinner Room
[2018-03-07 17:17:12 +0100] INFO - Cadet Tilly has accessed Laboratory
[2018-03-07 17:17:13 +0100] BLACK - Preparing Hyper Jump
[2018-03-07 17:17:13 +0100] RECOVERY - Laser System anomaly repaired.
[2018-03-07 17:17:13 +0100] RECOVERY - Energy Storage system anomaly repaired.
[2018-03-07 17:17:13 +0100] RECOVERY - Shields recovering over
[2018-03-07 17:17:13 +0100] INFO - Admiral Cornwell has accessed Dinner Room
[2018-03-07 17:17:13 +0100] INFO - Captain Lorca has accessed Personnal Quarter
[2018-03-07 17:17:13 +0100] INFO - Captain Lorca has accessed Personnal Quarter
[2018-03-07 17:17:13 +0100] INFO - Admiral Cornwell has accessed Nursery
[2018-03-07 17:17:13 +0100] INFO - First Officer Burnham has accessed Nursery
[2018-03-07 17:17:13 +0100] INFO - Ambassador Sarek has accessed Nursery
[2018-03-07 17:17:13 +0100] INFO - Chief Engineer Stamets has accessed Personnal Quarter
[2018-03-07 17:17:13 +0100] INFO - Science Officer Saru has accessed Gym Room
[2018-03-07 17:17:13 +0100] INFO - First Officer Burnham has accessed Nursery
[2018-03-07 17:17:13 +0100] INFO - Cadet Tilly has accessed Gym Room
[2018-03-07 17:17:13 +0100] INFO - Ambassador Sarek has accessed Gym Room
[2018-03-07 17:17:13 +0100] INFO - Admiral Cornwell has accessed Nursery
[2018-03-07 17:17:14 +0100] BLACK - Jumping over
[2018-03-07 17:17:14 +0100] INFO - Admiral Cornwell has accessed Nursery
[2018-03-07 17:17:14 +0100] RECOVERY - Romulan ship destroyed.
[2018-03-07 17:17:14 +0100] INFO - Captain Lorca has accessed Bridge
[2018-03-07 17:17:14 +0100] INFO - Cadet Tilly has accessed Nursery
[2018-03-07 17:17:14 +0100] INFO - First Officer Burnham has accessed Laboratory
[2018-03-07 17:17:14 +0100] INFO - First Officer Burnham has accessed Laboratory
[2018-03-07 17:17:14 +0100] INFO - Captain Lorca has accessed Personnal Quarter
[2018-03-07 17:17:15 +0100] RECOVERY - Deflector Shield System anomaly repaired.
[2018-03-07 17:17:15 +0100] INFO - Chief Engineer Stamets has accessed Gym Room
[2018-03-07 17:17:15 +0100] WARNING - Energy Storage system is disfunctionnal, sending repair drones.
[2018-03-07 17:17:15 +0100] INFO - Ambassador Sarek has accessed Bridge
[2018-03-07 17:17:15 +0100] INFO - Captain Lorca has accessed Bridge
[2018-03-07 17:17:15 +0100] INFO - Science Officer Saru has accessed Dinner Room
[2018-03-07 17:17:15 +0100] INFO - First Officer Burnham has accessed Gym Room
[2018-03-07 17:17:15 +0100] INFO - Cadet Tilly has accessed Personnal Quarter
[2018-03-07 17:17:15 +0100] INFO - Admiral Cornwell has accessed Dinner Room
[2018-03-07 17:17:15 +0100] INFO - Chief Engineer Stamets has accessed Dinner Room
[2018-03-07 17:17:16 +0100] RECOVERY - Laser System anomaly repaired.
[2018-03-07 17:17:16 +0100] INFO - Chief Engineer Stamets has accessed Laboratory
[2018-03-07 17:17:16 +0100] INFO - First Officer Burnham has accessed Laboratory
[2018-03-07 17:17:16 +0100] INFO - Ambassador Sarek has accessed Laboratory
[2018-03-07 17:17:16 +0100] INFO - First Officer Burnham has accessed Gym Room
[2018-03-07 17:17:17 +0100] INFO - Ambassador Sarek has accessed Technical Office
[2018-03-07 17:17:17 +0100] RECOVERY - Energy Storage system anomaly repaired.
[2018-03-07 17:17:17 +0100] INFO - Chief Engineer Stamets has accessed Nursery
[2018-03-07 17:17:17 +0100] INFO - Science Officer Saru has accessed Nursery
[2018-03-07 17:17:17 +0100] INFO - Ambassador Sarek has accessed Bridge
[2018-03-07 17:17:17 +0100] INFO - Cadet Tilly has accessed Laboratory
[2018-03-07 17:17:17 +0100] INFO - Admiral Cornwell has accessed Bridge
[2018-03-07 17:17:17 +0100] INFO - Admiral Cornwell has accessed Bridge
[2018-03-07 17:17:17 +0100] INFO - First Officer Burnham has accessed Bridge
[2018-03-07 17:17:18 +0100] INFO - First Officer Burnham has accessed Gym Room
[2018-03-07 17:17:18 +0100] INFO - Admiral Cornwell has accessed Technical Office
[2018-03-07 17:17:18 +0100] INFO - Captain Lorca has accessed Nursery
[2018-03-07 17:17:18 +0100] INFO - Ambassador Sarek has accessed Dinner Room
[2018-03-07 17:17:18 +0100] WARNING - Spore Drive System is disfunctionnal, sending repair drones.
[2018-03-07 17:17:18 +0100] INFO - Captain Lorca has accessed Bridge
[2018-03-07 17:17:18 +0100] INFO - Chief Engineer Stamets has accessed Gym Room
[2018-03-07 17:17:18 +0100] INFO - Admiral Cornwell has accessed Nursery
[2018-03-07 17:17:18 +0100] INFO - First Officer Burnham has accessed Bridge
[2018-03-07 17:17:18 +0100] INFO - Chief Engineer Stamets has accessed Gym Room
[2018-03-07 17:17:19 +0100] WARNING - Deflector Shield System is disfunctionnal, sending repair drones.
[2018-03-07 17:17:19 +0100] WARNING - Spore Drive System is disfunctionnal, sending repair drones.
[2018-03-07 17:17:19 +0100] INFO - First Officer Burnham has accessed Dinner Room
[2018-03-07 17:17:19 +0100] INFO - Captain Lorca has accessed Bridge
[2018-03-07 17:17:19 +0100] INFO - Cadet Tilly has accessed Laboratory
[2018-03-07 17:17:19 +0100] DANGER - Ennemy ship (Pirate) detected!
[2018-03-07 17:17:19 +0100] INFO - Captain Lorca has accessed Laboratory
[2018-03-07 17:17:19 +0100] WARNING - Front shield state: 80%
[2018-03-07 17:17:19 +0100] INFO - Chief Engineer Stamets has accessed Bridge
[2018-03-07 17:17:19 +0100] INFO - Admiral Cornwell has accessed Bridge
[2018-03-07 17:17:19 +0100] INFO - First Officer Burnham has accessed Gym Room
[2018-03-07 17:17:19 +0100] INFO - Cadet Tilly has accessed Dinner Room
[2018-03-07 17:17:20 +0100] WARNING - Laser System is disfunctionnal, sending repair drones.
[2018-03-07 17:17:20 +0100] WARNING - Energy Storage system is disfunctionnal, sending repair drones.
[2018-03-07 17:17:20 +0100] INFO - Captain Lorca has accessed Gym Room
[2018-03-07 17:17:20 +0100] INFO - First Officer Burnham has accessed Technical Office
[2018-03-07 17:17:20 +0100] WARNING - Energy Storage system is disfunctionnal, sending repair drones.
[2018-03-07 17:17:20 +0100] INFO - Cadet Tilly has accessed Gym Room
[2018-03-07 17:17:20 +0100] DANGER - Pirate ship engaged.
[2018-03-07 17:17:20 +0100] INFO - Automatic shield startup.
[2018-03-07 17:17:20 +0100] WARNING - Front shield state: 60%
[2018-03-07 17:17:20 +0100] INFO - Science Officer Saru has accessed Nursery
[2018-03-07 17:17:20 +0100] INFO - Admiral Cornwell has accessed Nursery
[2018-03-07 17:17:20 +0100] INFO - Admiral Cornwell has accessed Bridge
[2018-03-07 17:17:20 +0100] INFO - First Officer Burnham has accessed Technical Office
[2018-03-07 17:17:21 +0100] WARNING - Spore Drive System is disfunctionnal, sending repair drones.
[2018-03-07 17:17:21 +0100] INFO - Captain Lorca has accessed Nursery
[2018-03-07 17:17:21 +0100] INFO - Cadet Tilly has accessed Technical Office
[2018-03-07 17:17:21 +0100] WARNING - Spore Drive System is disfunctionnal, sending repair drones.
[2018-03-07 17:17:21 +0100] RECOVERY - Spore Drive System anomaly repaired.
[2018-03-07 17:17:21 +0100] INFO - Starting deflector shield's energy reload...
[2018-03-07 17:17:21 +0100] INFO - Chief Engineer Stamets has accessed Bridge
[2018-03-07 17:17:21 +0100] INFO - Captain Lorca has accessed Personnal Quarter
[2018-03-07 17:17:21 +0100] INFO - Cadet Tilly has accessed Laboratory
[2018-03-07 17:17:21 +0100] INFO - Captain Lorca has accessed Technical Office
[2018-03-07 17:17:22 +0100] RECOVERY - Deflector Shield System anomaly repaired.
[2018-03-07 17:17:22 +0100] WARNING - Spore Drive System is disfunctionnal, sending repair drones.
[2018-03-07 17:17:22 +0100] WARNING - Deflector Shield System is disfunctionnal, sending repair drones.
[2018-03-07 17:17:22 +0100] INFO - First Officer Burnham has accessed Personnal Quarter
[2018-03-07 17:17:22 +0100] WARNING - Energy Storage system is disfunctionnal, sending repair drones.
[2018-03-07 17:17:22 +0100] RECOVERY - Energy Storage system anomaly repaired.
[2018-03-07 17:17:22 +0100] INFO - Front shield at 80%
[2018-03-07 17:17:22 +0100] INFO - Science Officer Saru has accessed Personnal Quarter
[2018-03-07 17:17:22 +0100] INFO - Admiral Cornwell has accessed Laboratory
[2018-03-07 17:17:22 +0100] INFO - Admiral Cornwell has accessed Dinner Room
[2018-03-07 17:17:22 +0100] INFO - First Officer Burnham has accessed Nursery
[2018-03-07 17:17:22 +0100] INFO - Science Officer Saru has accessed Technical Office
